<?xml version="1.0" encoding="UTF-8"?>
<testsuite xmlns:xsi="http://www.w3.org/2001/XMLSchema-instance" xsi:noNamespaceSchemaLocation="https://maven.apache.org/surefire/maven-surefire-plugin/xsd/surefire-test-report-3.0.xsd" version="3.0" name="com.Outfits.Weather.OutfitSuggestionsRelativeToWeatherApplicationTests" time="13.848" tests="1" errors="0" skipped="0" failures="0">
  <properties>
[...]
</properties>
  <testcase name="contextLoads" classname="com.Outfits.Weather.OutfitSuggestionsRelativeToWeatherApplicationTests" time="1.674">
    <system-out><![CDATA[18:41:30.687 [main] INFO org.springframework.test.context.support.AnnotationConfigContextLoaderUtils -- Could not detect default configuration classes for test class [com.Outfits.Weather.OutfitSuggestionsRelativeToWeatherApplicationTests]: OutfitSuggestionsRelativeToWeatherApplicationTests does not declare any static, non-private, non-final, nested classes annotated with @Configuration.
18:41:30.900 [main] INFO org.springframework.boot.test.context.SpringBootTestContextBootstrapper -- Found @SpringBootConfiguration com.Outfits.Weather.OutfitSuggestionsRelativeToWeatherApplication for test class com.Outfits.Weather.OutfitSuggestionsRelativeToWeatherApplicationTests
18:41:31.282 [main] INFO org.springframework.boot.devtools.restart.RestartApplicationListener -- Restart disabled due to context in which it is running

  .   ____          _            __ _ _
 /\\ / ___'_ __ _ _(_)_ __  __ _ \ \ \ \
( ( )\___ | '_ | '_| | '_ \/ _` | \ \ \ \
 \\/  ___)| |_)| | | | | || (_| |  ) ) ) )
  '  |____| .__|_| |_|_| |_\__, | / / / /
 =========|_|==============|___/=/_/_/_/

 :: Spring Boot ::                (v3.3.4)

2024-09-29T18:41:32.258+05:30  INFO 31492 --- [Outfit Suggestions Relative to Weather] [           main] estionsRelativeToWeatherApplicationTests : Starting OutfitSuggestionsRelativeToWeatherApplicationTests using Java 17.0.8.1 with PID 31492 (started by ps75 in C:\Users\ps75\Downloads\Weather\Weather)
2024-09-29T18:41:32.261+05:30  INFO 31492 --- [Outfit Suggestions Relative to Weather] [           main] estionsRelativeToWeatherApplicationTests : No active profile set, falling back to 1 default profile: "default"
2024-09-29T18:41:34.346+05:30  INFO 31492 --- [Outfit Suggestions Relative to Weather] [           main] .s.d.r.c.RepositoryConfigurationDelegate : Bootstrapping Spring Data JPA repositories in DEFAULT mode.
2024-09-29T18:41:34.463+05:30  INFO 31492 --- [Outfit Suggestions Relative to Weather] [           main] .s.d.r.c.RepositoryConfigurationDelegate : Finished Spring Data repository scanning in 93 ms. Found 1 JPA repository interface.
2024-09-29T18:41:35.815+05:30  INFO 31492 --- [Outfit Suggestions Relative to Weather] [           main] o.hibernate.jpa.internal.util.LogHelper  : HHH000204: Processing PersistenceUnitInfo [name: default]
2024-09-29T18:41:36.002+05:30  INFO 31492 --- [Outfit Suggestions Relative to Weather] [           main] org.hibernate.Version                    : HHH000412: Hibernate ORM core version 6.5.3.Final
2024-09-29T18:41:36.087+05:30  INFO 31492 --- [Outfit Suggestions Relative to Weather] [           main] o.h.c.internal.RegionFactoryInitiator    : HHH000026: Second-level cache disabled
2024-09-29T18:41:36.925+05:30  INFO 31492 --- [Outfit Suggestions Relative to Weather] [           main] o.s.o.j.p.SpringPersistenceUnitInfo      : No LoadTimeWeaver setup: ignoring JPA class transformer
2024-09-29T18:41:37.008+05:30  INFO 31492 --- [Outfit Suggestions Relative to Weather] [           main] com.zaxxer.hikari.HikariDataSource       : HikariPool-1 - Starting...
2024-09-29T18:41:38.134+05:30  INFO 31492 --- [Outfit Suggestions Relative to Weather] [           main] com.zaxxer.hikari.pool.HikariPool        : HikariPool-1 - Added connection com.mysql.cj.jdbc.ConnectionImpl@4a4ff5ed
2024-09-29T18:41:38.152+05:30  INFO 31492 --- [Outfit Suggestions Relative to Weather] [           main] com.zaxxer.hikari.HikariDataSource       : HikariPool-1 - Start completed.
2024-09-29T18:41:38.242+05:30  WARN 31492 --- [Outfit Suggestions Relative to Weather] [           main] org.hibernate.orm.deprecation            : HHH90000025: MySQL8Dialect does not need to be specified explicitly using 'hibernate.dialect' (remove the property setting and it will be selected by default)
2024-09-29T18:41:38.243+05:30  WARN 31492 --- [Outfit Suggestions Relative to Weather] [           main] org.hibernate.orm.deprecation            : HHH90000026: MySQL8Dialect has been deprecated; use org.hibernate.dialect.MySQLDialect instead
2024-09-29T18:41:39.798+05:30  INFO 31492 --- [Outfit Suggestions Relative to Weather] [           main] o.h.e.t.j.p.i.JtaPlatformInitiator       : HHH000489: No JTA platform available (set 'hibernate.transaction.jta.platform' to enable JTA platform integration)
2024-09-29T18:41:39.853+05:30  INFO 31492 --- [Outfit Suggestions Relative to Weather] [           main] j.LocalContainerEntityManagerFactoryBean : Initialized JPA EntityManagerFactory for persistence unit 'default'
2024-09-29T18:41:41.229+05:30  WARN 31492 --- [Outfit Suggestions Relative to Weather] [           main] JpaBaseConfiguration$JpaWebConfiguration : spring.jpa.open-in-view is enabled by default. Therefore, database queries may be performed during view rendering. Explicitly configure spring.jpa.open-in-view to disable this warning
2024-09-29T18:41:41.274+05:30  INFO 31492 --- [Outfit Suggestions Relative to Weather] [           main] o.s.b.a.w.s.WelcomePageHandlerMapping    : Adding welcome page: class path resource [static/index.html]
2024-09-29T18:41:42.400+05:30  INFO 31492 --- [Outfit Suggestions Relative to Weather] [           main] estionsRelativeToWeatherApplicationTests : Started OutfitSuggestionsRelativeToWeatherApplicationTests in 11.147 seconds (process running for 13.686)
]]></system-out>
  </testcase>
</testsuite>